{"$message_type":"diagnostic","message":"cannot find value `celc` in this scope","code":{"code":"E0425","explanation":"An unresolved name was used.\n\nErroneous code examples:\n\n```compile_fail,E0425\nsomething_that_doesnt_exist::foo;\n// error: unresolved name `something_that_doesnt_exist::foo`\n\n// or:\n\ntrait Foo {\n    fn bar() {\n        Self; // error: unresolved name `Self`\n    }\n}\n\n// or:\n\nlet x = unknown_variable;  // error: unresolved name `unknown_variable`\n```\n\nPlease verify that the name wasn't misspelled and ensure that the\nidentifier being referred to is valid for the given situation. Example:\n\n```\nenum something_that_does_exist {\n    Foo,\n}\n```\n\nOr:\n\n```\nmod something_that_does_exist {\n    pub static foo : i32 = 0i32;\n}\n\nsomething_that_does_exist::foo; // ok!\n```\n\nOr:\n\n```\nlet unknown_variable = 12u32;\nlet x = unknown_variable; // ok!\n```\n\nIf the item is not defined in the current module, it must be imported using a\n`use` statement, like so:\n\n```\n# mod foo { pub fn bar() {} }\n# fn main() {\nuse foo::bar;\nbar();\n# }\n```\n\nIf the item you are importing is not defined in some super-module of the\ncurrent module, then it must also be declared as public (e.g., `pub fn`).\n"},"level":"error","spans":[{"file_name":"src/main.rs","byte_start":194,"byte_end":198,"line_start":9,"line_end":9,"column_start":20,"column_end":24,"is_primary":true,"text":[{"text":"    let mut far = (celc * (9/5)) + 32.0;","highlight_start":20,"highlight_end":24}],"label":null,"suggested_replacement":null,"suggestion_applicability":null,"expansion":null}],"children":[{"message":"a local variable with a similar name exists","code":null,"level":"help","spans":[{"file_name":"src/main.rs","byte_start":194,"byte_end":198,"line_start":9,"line_end":9,"column_start":20,"column_end":24,"is_primary":true,"text":[{"text":"    let mut far = (celc * (9/5)) + 32.0;","highlight_start":20,"highlight_end":24}],"label":null,"suggested_replacement":"cel","suggestion_applicability":"MaybeIncorrect","expansion":null}],"children":[],"rendered":null}],"rendered":"\u001b[0m\u001b[1m\u001b[38;5;9merror[E0425]\u001b[0m\u001b[0m\u001b[1m: cannot find value `celc` in this scope\u001b[0m\n\u001b[0m \u001b[0m\u001b[0m\u001b[1m\u001b[38;5;12m--> \u001b[0m\u001b[0msrc/main.rs:9:20\u001b[0m\n\u001b[0m  \u001b[0m\u001b[0m\u001b[1m\u001b[38;5;12m|\u001b[0m\n\u001b[0m\u001b[1m\u001b[38;5;12m9\u001b[0m\u001b[0m \u001b[0m\u001b[0m\u001b[1m\u001b[38;5;12m|\u001b[0m\u001b[0m \u001b[0m\u001b[0m    let mut far = (celc * (9/5)) + 32.0;\u001b[0m\n\u001b[0m  \u001b[0m\u001b[0m\u001b[1m\u001b[38;5;12m|\u001b[0m\u001b[0m                    \u001b[0m\u001b[0m\u001b[1m\u001b[38;5;9m^^^^\u001b[0m\u001b[0m \u001b[0m\u001b[0m\u001b[1m\u001b[38;5;9mhelp: a local variable with a similar name exists: `cel`\u001b[0m\n\n"}
{"$message_type":"diagnostic","message":"cannot multiply `f64` by `{integer}`","code":{"code":"E0277","explanation":"You tried to use a type which doesn't implement some trait in a place which\nexpected that trait.\n\nErroneous code example:\n\n```compile_fail,E0277\n// here we declare the Foo trait with a bar method\ntrait Foo {\n    fn bar(&self);\n}\n\n// we now declare a function which takes an object implementing the Foo trait\nfn some_func<T: Foo>(foo: T) {\n    foo.bar();\n}\n\nfn main() {\n    // we now call the method with the i32 type, which doesn't implement\n    // the Foo trait\n    some_func(5i32); // error: the trait bound `i32 : Foo` is not satisfied\n}\n```\n\nIn order to fix this error, verify that the type you're using does implement\nthe trait. Example:\n\n```\ntrait Foo {\n    fn bar(&self);\n}\n\n// we implement the trait on the i32 type\nimpl Foo for i32 {\n    fn bar(&self) {}\n}\n\nfn some_func<T: Foo>(foo: T) {\n    foo.bar(); // we can now use this method since i32 implements the\n               // Foo trait\n}\n\nfn main() {\n    some_func(5i32); // ok!\n}\n```\n\nOr in a generic context, an erroneous code example would look like:\n\n```compile_fail,E0277\nfn some_func<T>(foo: T) {\n    println!(\"{:?}\", foo); // error: the trait `core::fmt::Debug` is not\n                           //        implemented for the type `T`\n}\n\nfn main() {\n    // We now call the method with the i32 type,\n    // which *does* implement the Debug trait.\n    some_func(5i32);\n}\n```\n\nNote that the error here is in the definition of the generic function. Although\nwe only call it with a parameter that does implement `Debug`, the compiler\nstill rejects the function. It must work with all possible input types. In\norder to make this example compile, we need to restrict the generic type we're\naccepting:\n\n```\nuse std::fmt;\n\n// Restrict the input type to types that implement Debug.\nfn some_func<T: fmt::Debug>(foo: T) {\n    println!(\"{:?}\", foo);\n}\n\nfn main() {\n    // Calling the method is still fine, as i32 implements Debug.\n    some_func(5i32);\n\n    // This would fail to compile now:\n    // struct WithoutDebug;\n    // some_func(WithoutDebug);\n}\n```\n\nRust only looks at the signature of the called function, as such it must\nalready specify all requirements that will be used for every type parameter.\n"},"level":"error","spans":[{"file_name":"src/main.rs","byte_start":89,"byte_end":90,"line_start":3,"line_end":3,"column_start":32,"column_end":33,"is_primary":true,"text":[{"text":"    let mut cel = (far - 32.0) * (5/9);","highlight_start":32,"highlight_end":33}],"label":"no implementation for `f64 * {integer}`","suggested_replacement":null,"suggestion_applicability":null,"expansion":null}],"children":[{"message":"the trait `Mul<{integer}>` is not implemented for `f64`","code":null,"level":"help","spans":[],"children":[],"rendered":null},{"message":"the following other types implement trait `Mul<Rhs>`:\n  `&f64` implements `Mul<f64>`\n  `&f64` implements `Mul`\n  `f64` implements `Mul<&f64>`\n  `f64` implements `Mul`","code":null,"level":"help","spans":[],"children":[],"rendered":null}],"rendered":"\u001b[0m\u001b[1m\u001b[38;5;9merror[E0277]\u001b[0m\u001b[0m\u001b[1m: cannot multiply `f64` by `{integer}`\u001b[0m\n\u001b[0m \u001b[0m\u001b[0m\u001b[1m\u001b[38;5;12m--> \u001b[0m\u001b[0msrc/main.rs:3:32\u001b[0m\n\u001b[0m  \u001b[0m\u001b[0m\u001b[1m\u001b[38;5;12m|\u001b[0m\n\u001b[0m\u001b[1m\u001b[38;5;12m3\u001b[0m\u001b[0m \u001b[0m\u001b[0m\u001b[1m\u001b[38;5;12m|\u001b[0m\u001b[0m \u001b[0m\u001b[0m    let mut cel = (far - 32.0) * (5/9);\u001b[0m\n\u001b[0m  \u001b[0m\u001b[0m\u001b[1m\u001b[38;5;12m|\u001b[0m\u001b[0m                                \u001b[0m\u001b[0m\u001b[1m\u001b[38;5;9m^\u001b[0m\u001b[0m \u001b[0m\u001b[0m\u001b[1m\u001b[38;5;9mno implementation for `f64 * {integer}`\u001b[0m\n\u001b[0m  \u001b[0m\u001b[0m\u001b[1m\u001b[38;5;12m|\u001b[0m\n\u001b[0m  \u001b[0m\u001b[0m\u001b[1m\u001b[38;5;12m= \u001b[0m\u001b[0m\u001b[1mhelp\u001b[0m\u001b[0m: the trait `Mul<{integer}>` is not implemented for `f64`\u001b[0m\n\u001b[0m  \u001b[0m\u001b[0m\u001b[1m\u001b[38;5;12m= \u001b[0m\u001b[0m\u001b[1mhelp\u001b[0m\u001b[0m: the following other types implement trait `Mul<Rhs>`:\u001b[0m\n\u001b[0m            `&f64` implements `Mul<f64>`\u001b[0m\n\u001b[0m            `&f64` implements `Mul`\u001b[0m\n\u001b[0m            `f64` implements `Mul<&f64>`\u001b[0m\n\u001b[0m            `f64` implements `Mul`\u001b[0m\n\n"}
{"$message_type":"diagnostic","message":"mismatched types","code":{"code":"E0308","explanation":"Expected type did not match the received type.\n\nErroneous code examples:\n\n```compile_fail,E0308\nfn plus_one(x: i32) -> i32 {\n    x + 1\n}\n\nplus_one(\"Not a number\");\n//       ^^^^^^^^^^^^^^ expected `i32`, found `&str`\n\nif \"Not a bool\" {\n// ^^^^^^^^^^^^ expected `bool`, found `&str`\n}\n\nlet x: f32 = \"Not a float\";\n//     ---   ^^^^^^^^^^^^^ expected `f32`, found `&str`\n//     |\n//     expected due to this\n```\n\nThis error occurs when an expression was used in a place where the compiler\nexpected an expression of a different type. It can occur in several cases, the\nmost common being when calling a function and passing an argument which has a\ndifferent type than the matching type in the function declaration.\n"},"level":"error","spans":[{"file_name":"src/main.rs","byte_start":334,"byte_end":338,"line_start":16,"line_end":16,"column_start":33,"column_end":37,"is_primary":true,"text":[{"text":"    print(fahrenheit_to_celsius(temp));","highlight_start":33,"highlight_end":37}],"label":"expected `f64`, found integer","suggested_replacement":null,"suggestion_applicability":null,"expansion":null},{"file_name":"src/main.rs","byte_start":312,"byte_end":333,"line_start":16,"line_end":16,"column_start":11,"column_end":32,"is_primary":false,"text":[{"text":"    print(fahrenheit_to_celsius(temp));","highlight_start":11,"highlight_end":32}],"label":"arguments to this function are incorrect","suggested_replacement":null,"suggestion_applicability":null,"expansion":null}],"children":[{"message":"function defined here","code":null,"level":"note","spans":[{"file_name":"src/main.rs","byte_start":25,"byte_end":31,"line_start":1,"line_end":1,"column_start":26,"column_end":32,"is_primary":false,"text":[{"text":"fn fahrenheit_to_celsius(f: f64) -> f64{","highlight_start":26,"highlight_end":32}],"label":"","suggested_replacement":null,"suggestion_applicability":null,"expansion":null},{"file_name":"src/main.rs","byte_start":3,"byte_end":24,"line_start":1,"line_end":1,"column_start":4,"column_end":25,"is_primary":true,"text":[{"text":"fn fahrenheit_to_celsius(f: f64) -> f64{","highlight_start":4,"highlight_end":25}],"label":null,"suggested_replacement":null,"suggestion_applicability":null,"expansion":null}],"children":[],"rendered":null}],"rendered":"\u001b[0m\u001b[1m\u001b[38;5;9merror[E0308]\u001b[0m\u001b[0m\u001b[1m: mismatched types\u001b[0m\n\u001b[0m  \u001b[0m\u001b[0m\u001b[1m\u001b[38;5;12m--> \u001b[0m\u001b[0msrc/main.rs:16:33\u001b[0m\n\u001b[0m   \u001b[0m\u001b[0m\u001b[1m\u001b[38;5;12m|\u001b[0m\n\u001b[0m\u001b[1m\u001b[38;5;12m16\u001b[0m\u001b[0m \u001b[0m\u001b[0m\u001b[1m\u001b[38;5;12m|\u001b[0m\u001b[0m \u001b[0m\u001b[0m    print(fahrenheit_to_celsius(temp));\u001b[0m\n\u001b[0m   \u001b[0m\u001b[0m\u001b[1m\u001b[38;5;12m|\u001b[0m\u001b[0m           \u001b[0m\u001b[0m\u001b[1m\u001b[38;5;12m---------------------\u001b[0m\u001b[0m \u001b[0m\u001b[0m\u001b[1m\u001b[38;5;9m^^^^\u001b[0m\u001b[0m \u001b[0m\u001b[0m\u001b[1m\u001b[38;5;9mexpected `f64`, found integer\u001b[0m\n\u001b[0m   \u001b[0m\u001b[0m\u001b[1m\u001b[38;5;12m|\u001b[0m\u001b[0m           \u001b[0m\u001b[0m\u001b[1m\u001b[38;5;12m|\u001b[0m\n\u001b[0m   \u001b[0m\u001b[0m\u001b[1m\u001b[38;5;12m|\u001b[0m\u001b[0m           \u001b[0m\u001b[0m\u001b[1m\u001b[38;5;12marguments to this function are incorrect\u001b[0m\n\u001b[0m   \u001b[0m\u001b[0m\u001b[1m\u001b[38;5;12m|\u001b[0m\n\u001b[0m\u001b[1m\u001b[38;5;10mnote\u001b[0m\u001b[0m: function defined here\u001b[0m\n\u001b[0m  \u001b[0m\u001b[0m\u001b[1m\u001b[38;5;12m--> \u001b[0m\u001b[0msrc/main.rs:1:4\u001b[0m\n\u001b[0m   \u001b[0m\u001b[0m\u001b[1m\u001b[38;5;12m|\u001b[0m\n\u001b[0m\u001b[1m\u001b[38;5;12m1\u001b[0m\u001b[0m  \u001b[0m\u001b[0m\u001b[1m\u001b[38;5;12m|\u001b[0m\u001b[0m \u001b[0m\u001b[0mfn fahrenheit_to_celsius(f: f64) -> f64{\u001b[0m\n\u001b[0m   \u001b[0m\u001b[0m\u001b[1m\u001b[38;5;12m|\u001b[0m\u001b[0m    \u001b[0m\u001b[0m\u001b[1m\u001b[38;5;10m^^^^^^^^^^^^^^^^^^^^^\u001b[0m\u001b[0m \u001b[0m\u001b[0m\u001b[1m\u001b[38;5;12m------\u001b[0m\n\n"}
{"$message_type":"diagnostic","message":"expected function, found macro `print`","code":{"code":"E0423","explanation":"An identifier was used like a function name or a value was expected and the\nidentifier exists but it belongs to a different namespace.\n\nErroneous code example:\n\n```compile_fail,E0423\nstruct Foo { a: bool };\n\nlet f = Foo();\n// error: expected function, tuple struct or tuple variant, found `Foo`\n// `Foo` is a struct name, but this expression uses it like a function name\n```\n\nPlease verify you didn't misspell the name of what you actually wanted to use\nhere. Example:\n\n```\nfn Foo() -> u32 { 0 }\n\nlet f = Foo(); // ok!\n```\n\nIt is common to forget the trailing `!` on macro invocations, which would also\nyield this error:\n\n```compile_fail,E0423\nprintln(\"\");\n// error: expected function, tuple struct or tuple variant,\n// found macro `println`\n// did you mean `println!(...)`? (notice the trailing `!`)\n```\n\nAnother case where this error is emitted is when a value is expected, but\nsomething else is found:\n\n```compile_fail,E0423\npub mod a {\n    pub const I: i32 = 1;\n}\n\nfn h1() -> i32 {\n    a.I\n    //~^ ERROR expected value, found module `a`\n    // did you mean `a::I`?\n}\n```\n"},"level":"error","spans":[{"file_name":"src/main.rs","byte_start":306,"byte_end":311,"line_start":16,"line_end":16,"column_start":5,"column_end":10,"is_primary":true,"text":[{"text":"    print(fahrenheit_to_celsius(temp));","highlight_start":5,"highlight_end":10}],"label":"not a function","suggested_replacement":null,"suggestion_applicability":null,"expansion":null}],"children":[{"message":"use `!` to invoke the macro","code":null,"level":"help","spans":[{"file_name":"src/main.rs","byte_start":311,"byte_end":311,"line_start":16,"line_end":16,"column_start":10,"column_end":10,"is_primary":true,"text":[{"text":"    print(fahrenheit_to_celsius(temp));","highlight_start":10,"highlight_end":10}],"label":null,"suggested_replacement":"!","suggestion_applicability":"MaybeIncorrect","expansion":null}],"children":[],"rendered":null}],"rendered":"\u001b[0m\u001b[1m\u001b[38;5;9merror[E0423]\u001b[0m\u001b[0m\u001b[1m: expected function, found macro `print`\u001b[0m\n\u001b[0m  \u001b[0m\u001b[0m\u001b[1m\u001b[38;5;12m--> \u001b[0m\u001b[0msrc/main.rs:16:5\u001b[0m\n\u001b[0m   \u001b[0m\u001b[0m\u001b[1m\u001b[38;5;12m|\u001b[0m\n\u001b[0m\u001b[1m\u001b[38;5;12m16\u001b[0m\u001b[0m \u001b[0m\u001b[0m\u001b[1m\u001b[38;5;12m|\u001b[0m\u001b[0m \u001b[0m\u001b[0m    print(fahrenheit_to_celsius(temp));\u001b[0m\n\u001b[0m   \u001b[0m\u001b[0m\u001b[1m\u001b[38;5;12m|\u001b[0m\u001b[0m     \u001b[0m\u001b[0m\u001b[1m\u001b[38;5;9m^^^^^\u001b[0m\u001b[0m \u001b[0m\u001b[0m\u001b[1m\u001b[38;5;9mnot a function\u001b[0m\n\u001b[0m   \u001b[0m\u001b[0m\u001b[1m\u001b[38;5;12m|\u001b[0m\n\u001b[0m\u001b[1m\u001b[38;5;14mhelp\u001b[0m\u001b[0m: use `!` to invoke the macro\u001b[0m\n\u001b[0m   \u001b[0m\u001b[0m\u001b[1m\u001b[38;5;12m|\u001b[0m\n\u001b[0m\u001b[1m\u001b[38;5;12m16\u001b[0m\u001b[0m \u001b[0m\u001b[0m\u001b[1m\u001b[38;5;12m| \u001b[0m\u001b[0m    print\u001b[0m\u001b[0m\u001b[38;5;10m!\u001b[0m\u001b[0m(fahrenheit_to_celsius(temp));\u001b[0m\n\u001b[0m   \u001b[0m\u001b[0m\u001b[1m\u001b[38;5;12m|\u001b[0m\u001b[0m          \u001b[0m\u001b[0m\u001b[38;5;10m+\u001b[0m\n\n"}
{"$message_type":"diagnostic","message":"cannot add an integer to a float","code":{"code":"E0277","explanation":"You tried to use a type which doesn't implement some trait in a place which\nexpected that trait.\n\nErroneous code example:\n\n```compile_fail,E0277\n// here we declare the Foo trait with a bar method\ntrait Foo {\n    fn bar(&self);\n}\n\n// we now declare a function which takes an object implementing the Foo trait\nfn some_func<T: Foo>(foo: T) {\n    foo.bar();\n}\n\nfn main() {\n    // we now call the method with the i32 type, which doesn't implement\n    // the Foo trait\n    some_func(5i32); // error: the trait bound `i32 : Foo` is not satisfied\n}\n```\n\nIn order to fix this error, verify that the type you're using does implement\nthe trait. Example:\n\n```\ntrait Foo {\n    fn bar(&self);\n}\n\n// we implement the trait on the i32 type\nimpl Foo for i32 {\n    fn bar(&self) {}\n}\n\nfn some_func<T: Foo>(foo: T) {\n    foo.bar(); // we can now use this method since i32 implements the\n               // Foo trait\n}\n\nfn main() {\n    some_func(5i32); // ok!\n}\n```\n\nOr in a generic context, an erroneous code example would look like:\n\n```compile_fail,E0277\nfn some_func<T>(foo: T) {\n    println!(\"{:?}\", foo); // error: the trait `core::fmt::Debug` is not\n                           //        implemented for the type `T`\n}\n\nfn main() {\n    // We now call the method with the i32 type,\n    // which *does* implement the Debug trait.\n    some_func(5i32);\n}\n```\n\nNote that the error here is in the definition of the generic function. Although\nwe only call it with a parameter that does implement `Debug`, the compiler\nstill rejects the function. It must work with all possible input types. In\norder to make this example compile, we need to restrict the generic type we're\naccepting:\n\n```\nuse std::fmt;\n\n// Restrict the input type to types that implement Debug.\nfn some_func<T: fmt::Debug>(foo: T) {\n    println!(\"{:?}\", foo);\n}\n\nfn main() {\n    // Calling the method is still fine, as i32 implements Debug.\n    some_func(5i32);\n\n    // This would fail to compile now:\n    // struct WithoutDebug;\n    // some_func(WithoutDebug);\n}\n```\n\nRust only looks at the signature of the called function, as such it must\nalready specify all requirements that will be used for every type parameter.\n"},"level":"error","spans":[{"file_name":"src/main.rs","byte_start":407,"byte_end":408,"line_start":18,"line_end":18,"column_start":32,"column_end":33,"is_primary":true,"text":[{"text":"    while temp_conv < freezing + 5{","highlight_start":32,"highlight_end":33}],"label":"no implementation for `{float} + {integer}`","suggested_replacement":null,"suggestion_applicability":null,"expansion":null}],"children":[{"message":"the trait `Add<{integer}>` is not implemented for `{float}`","code":null,"level":"help","spans":[],"children":[],"rendered":null},{"message":"the following other types implement trait `Add<Rhs>`:\n  `&f128` implements `Add<f128>`\n  `&f128` implements `Add`\n  `&f16` implements `Add<f16>`\n  `&f16` implements `Add`\n  `&f32` implements `Add<f32>`\n  `&f32` implements `Add`\n  `&f64` implements `Add<f64>`\n  `&f64` implements `Add`\nand 56 others","code":null,"level":"help","spans":[],"children":[],"rendered":null}],"rendered":"\u001b[0m\u001b[1m\u001b[38;5;9merror[E0277]\u001b[0m\u001b[0m\u001b[1m: cannot add an integer to a float\u001b[0m\n\u001b[0m  \u001b[0m\u001b[0m\u001b[1m\u001b[38;5;12m--> \u001b[0m\u001b[0msrc/main.rs:18:32\u001b[0m\n\u001b[0m   \u001b[0m\u001b[0m\u001b[1m\u001b[38;5;12m|\u001b[0m\n\u001b[0m\u001b[1m\u001b[38;5;12m18\u001b[0m\u001b[0m \u001b[0m\u001b[0m\u001b[1m\u001b[38;5;12m|\u001b[0m\u001b[0m \u001b[0m\u001b[0m    while temp_conv < freezing + 5{\u001b[0m\n\u001b[0m   \u001b[0m\u001b[0m\u001b[1m\u001b[38;5;12m|\u001b[0m\u001b[0m                                \u001b[0m\u001b[0m\u001b[1m\u001b[38;5;9m^\u001b[0m\u001b[0m \u001b[0m\u001b[0m\u001b[1m\u001b[38;5;9mno implementation for `{float} + {integer}`\u001b[0m\n\u001b[0m   \u001b[0m\u001b[0m\u001b[1m\u001b[38;5;12m|\u001b[0m\n\u001b[0m   \u001b[0m\u001b[0m\u001b[1m\u001b[38;5;12m= \u001b[0m\u001b[0m\u001b[1mhelp\u001b[0m\u001b[0m: the trait `Add<{integer}>` is not implemented for `{float}`\u001b[0m\n\u001b[0m   \u001b[0m\u001b[0m\u001b[1m\u001b[38;5;12m= \u001b[0m\u001b[0m\u001b[1mhelp\u001b[0m\u001b[0m: the following other types implement trait `Add<Rhs>`:\u001b[0m\n\u001b[0m             `&f128` implements `Add<f128>`\u001b[0m\n\u001b[0m             `&f128` implements `Add`\u001b[0m\n\u001b[0m             `&f16` implements `Add<f16>`\u001b[0m\n\u001b[0m             `&f16` implements `Add`\u001b[0m\n\u001b[0m             `&f32` implements `Add<f32>`\u001b[0m\n\u001b[0m             `&f32` implements `Add`\u001b[0m\n\u001b[0m             `&f64` implements `Add<f64>`\u001b[0m\n\u001b[0m             `&f64` implements `Add`\u001b[0m\n\u001b[0m           and 56 others\u001b[0m\n\n"}
{"$message_type":"diagnostic","message":"cannot add an integer to a float","code":{"code":"E0277","explanation":"You tried to use a type which doesn't implement some trait in a place which\nexpected that trait.\n\nErroneous code example:\n\n```compile_fail,E0277\n// here we declare the Foo trait with a bar method\ntrait Foo {\n    fn bar(&self);\n}\n\n// we now declare a function which takes an object implementing the Foo trait\nfn some_func<T: Foo>(foo: T) {\n    foo.bar();\n}\n\nfn main() {\n    // we now call the method with the i32 type, which doesn't implement\n    // the Foo trait\n    some_func(5i32); // error: the trait bound `i32 : Foo` is not satisfied\n}\n```\n\nIn order to fix this error, verify that the type you're using does implement\nthe trait. Example:\n\n```\ntrait Foo {\n    fn bar(&self);\n}\n\n// we implement the trait on the i32 type\nimpl Foo for i32 {\n    fn bar(&self) {}\n}\n\nfn some_func<T: Foo>(foo: T) {\n    foo.bar(); // we can now use this method since i32 implements the\n               // Foo trait\n}\n\nfn main() {\n    some_func(5i32); // ok!\n}\n```\n\nOr in a generic context, an erroneous code example would look like:\n\n```compile_fail,E0277\nfn some_func<T>(foo: T) {\n    println!(\"{:?}\", foo); // error: the trait `core::fmt::Debug` is not\n                           //        implemented for the type `T`\n}\n\nfn main() {\n    // We now call the method with the i32 type,\n    // which *does* implement the Debug trait.\n    some_func(5i32);\n}\n```\n\nNote that the error here is in the definition of the generic function. Although\nwe only call it with a parameter that does implement `Debug`, the compiler\nstill rejects the function. It must work with all possible input types. In\norder to make this example compile, we need to restrict the generic type we're\naccepting:\n\n```\nuse std::fmt;\n\n// Restrict the input type to types that implement Debug.\nfn some_func<T: fmt::Debug>(foo: T) {\n    println!(\"{:?}\", foo);\n}\n\nfn main() {\n    // Calling the method is still fine, as i32 implements Debug.\n    some_func(5i32);\n\n    // This would fail to compile now:\n    // struct WithoutDebug;\n    // some_func(WithoutDebug);\n}\n```\n\nRust only looks at the signature of the called function, as such it must\nalready specify all requirements that will be used for every type parameter.\n"},"level":"error","spans":[{"file_name":"src/main.rs","byte_start":458,"byte_end":459,"line_start":19,"line_end":19,"column_start":47,"column_end":48,"is_primary":true,"text":[{"text":"        print(fahrenheit_to_celsius(temp_conv + 1));","highlight_start":47,"highlight_end":48}],"label":"no implementation for `{float} + {integer}`","suggested_replacement":null,"suggestion_applicability":null,"expansion":null}],"children":[{"message":"the trait `Add<{integer}>` is not implemented for `{float}`","code":null,"level":"help","spans":[],"children":[],"rendered":null},{"message":"the following other types implement trait `Add<Rhs>`:\n  `&f128` implements `Add<f128>`\n  `&f128` implements `Add`\n  `&f16` implements `Add<f16>`\n  `&f16` implements `Add`\n  `&f32` implements `Add<f32>`\n  `&f32` implements `Add`\n  `&f64` implements `Add<f64>`\n  `&f64` implements `Add`\nand 56 others","code":null,"level":"help","spans":[],"children":[],"rendered":null}],"rendered":"\u001b[0m\u001b[1m\u001b[38;5;9merror[E0277]\u001b[0m\u001b[0m\u001b[1m: cannot add an integer to a float\u001b[0m\n\u001b[0m  \u001b[0m\u001b[0m\u001b[1m\u001b[38;5;12m--> \u001b[0m\u001b[0msrc/main.rs:19:47\u001b[0m\n\u001b[0m   \u001b[0m\u001b[0m\u001b[1m\u001b[38;5;12m|\u001b[0m\n\u001b[0m\u001b[1m\u001b[38;5;12m19\u001b[0m\u001b[0m \u001b[0m\u001b[0m\u001b[1m\u001b[38;5;12m|\u001b[0m\u001b[0m \u001b[0m\u001b[0m        print(fahrenheit_to_celsius(temp_conv + 1));\u001b[0m\n\u001b[0m   \u001b[0m\u001b[0m\u001b[1m\u001b[38;5;12m|\u001b[0m\u001b[0m                                               \u001b[0m\u001b[0m\u001b[1m\u001b[38;5;9m^\u001b[0m\u001b[0m \u001b[0m\u001b[0m\u001b[1m\u001b[38;5;9mno implementation for `{float} + {integer}`\u001b[0m\n\u001b[0m   \u001b[0m\u001b[0m\u001b[1m\u001b[38;5;12m|\u001b[0m\n\u001b[0m   \u001b[0m\u001b[0m\u001b[1m\u001b[38;5;12m= \u001b[0m\u001b[0m\u001b[1mhelp\u001b[0m\u001b[0m: the trait `Add<{integer}>` is not implemented for `{float}`\u001b[0m\n\u001b[0m   \u001b[0m\u001b[0m\u001b[1m\u001b[38;5;12m= \u001b[0m\u001b[0m\u001b[1mhelp\u001b[0m\u001b[0m: the following other types implement trait `Add<Rhs>`:\u001b[0m\n\u001b[0m             `&f128` implements `Add<f128>`\u001b[0m\n\u001b[0m             `&f128` implements `Add`\u001b[0m\n\u001b[0m             `&f16` implements `Add<f16>`\u001b[0m\n\u001b[0m             `&f16` implements `Add`\u001b[0m\n\u001b[0m             `&f32` implements `Add<f32>`\u001b[0m\n\u001b[0m             `&f32` implements `Add`\u001b[0m\n\u001b[0m             `&f64` implements `Add<f64>`\u001b[0m\n\u001b[0m             `&f64` implements `Add`\u001b[0m\n\u001b[0m           and 56 others\u001b[0m\n\n"}
{"$message_type":"diagnostic","message":"expected function, found macro `print`","code":{"code":"E0423","explanation":"An identifier was used like a function name or a value was expected and the\nidentifier exists but it belongs to a different namespace.\n\nErroneous code example:\n\n```compile_fail,E0423\nstruct Foo { a: bool };\n\nlet f = Foo();\n// error: expected function, tuple struct or tuple variant, found `Foo`\n// `Foo` is a struct name, but this expression uses it like a function name\n```\n\nPlease verify you didn't misspell the name of what you actually wanted to use\nhere. Example:\n\n```\nfn Foo() -> u32 { 0 }\n\nlet f = Foo(); // ok!\n```\n\nIt is common to forget the trailing `!` on macro invocations, which would also\nyield this error:\n\n```compile_fail,E0423\nprintln(\"\");\n// error: expected function, tuple struct or tuple variant,\n// found macro `println`\n// did you mean `println!(...)`? (notice the trailing `!`)\n```\n\nAnother case where this error is emitted is when a value is expected, but\nsomething else is found:\n\n```compile_fail,E0423\npub mod a {\n    pub const I: i32 = 1;\n}\n\nfn h1() -> i32 {\n    a.I\n    //~^ ERROR expected value, found module `a`\n    // did you mean `a::I`?\n}\n```\n"},"level":"error","spans":[{"file_name":"src/main.rs","byte_start":420,"byte_end":425,"line_start":19,"line_end":19,"column_start":9,"column_end":14,"is_primary":true,"text":[{"text":"        print(fahrenheit_to_celsius(temp_conv + 1));","highlight_start":9,"highlight_end":14}],"label":"not a function","suggested_replacement":null,"suggestion_applicability":null,"expansion":null}],"children":[{"message":"use `!` to invoke the macro","code":null,"level":"help","spans":[{"file_name":"src/main.rs","byte_start":425,"byte_end":425,"line_start":19,"line_end":19,"column_start":14,"column_end":14,"is_primary":true,"text":[{"text":"        print(fahrenheit_to_celsius(temp_conv + 1));","highlight_start":14,"highlight_end":14}],"label":null,"suggested_replacement":"!","suggestion_applicability":"MaybeIncorrect","expansion":null}],"children":[],"rendered":null}],"rendered":"\u001b[0m\u001b[1m\u001b[38;5;9merror[E0423]\u001b[0m\u001b[0m\u001b[1m: expected function, found macro `print`\u001b[0m\n\u001b[0m  \u001b[0m\u001b[0m\u001b[1m\u001b[38;5;12m--> \u001b[0m\u001b[0msrc/main.rs:19:9\u001b[0m\n\u001b[0m   \u001b[0m\u001b[0m\u001b[1m\u001b[38;5;12m|\u001b[0m\n\u001b[0m\u001b[1m\u001b[38;5;12m19\u001b[0m\u001b[0m \u001b[0m\u001b[0m\u001b[1m\u001b[38;5;12m|\u001b[0m\u001b[0m \u001b[0m\u001b[0m        print(fahrenheit_to_celsius(temp_conv + 1));\u001b[0m\n\u001b[0m   \u001b[0m\u001b[0m\u001b[1m\u001b[38;5;12m|\u001b[0m\u001b[0m         \u001b[0m\u001b[0m\u001b[1m\u001b[38;5;9m^^^^^\u001b[0m\u001b[0m \u001b[0m\u001b[0m\u001b[1m\u001b[38;5;9mnot a function\u001b[0m\n\u001b[0m   \u001b[0m\u001b[0m\u001b[1m\u001b[38;5;12m|\u001b[0m\n\u001b[0m\u001b[1m\u001b[38;5;14mhelp\u001b[0m\u001b[0m: use `!` to invoke the macro\u001b[0m\n\u001b[0m   \u001b[0m\u001b[0m\u001b[1m\u001b[38;5;12m|\u001b[0m\n\u001b[0m\u001b[1m\u001b[38;5;12m19\u001b[0m\u001b[0m \u001b[0m\u001b[0m\u001b[1m\u001b[38;5;12m| \u001b[0m\u001b[0m        print\u001b[0m\u001b[0m\u001b[38;5;10m!\u001b[0m\u001b[0m(fahrenheit_to_celsius(temp_conv + 1));\u001b[0m\n\u001b[0m   \u001b[0m\u001b[0m\u001b[1m\u001b[38;5;12m|\u001b[0m\u001b[0m              \u001b[0m\u001b[0m\u001b[38;5;10m+\u001b[0m\n\n"}
{"$message_type":"diagnostic","message":"cannot add-assign `{integer}` to `{float}`","code":{"code":"E0277","explanation":"You tried to use a type which doesn't implement some trait in a place which\nexpected that trait.\n\nErroneous code example:\n\n```compile_fail,E0277\n// here we declare the Foo trait with a bar method\ntrait Foo {\n    fn bar(&self);\n}\n\n// we now declare a function which takes an object implementing the Foo trait\nfn some_func<T: Foo>(foo: T) {\n    foo.bar();\n}\n\nfn main() {\n    // we now call the method with the i32 type, which doesn't implement\n    // the Foo trait\n    some_func(5i32); // error: the trait bound `i32 : Foo` is not satisfied\n}\n```\n\nIn order to fix this error, verify that the type you're using does implement\nthe trait. Example:\n\n```\ntrait Foo {\n    fn bar(&self);\n}\n\n// we implement the trait on the i32 type\nimpl Foo for i32 {\n    fn bar(&self) {}\n}\n\nfn some_func<T: Foo>(foo: T) {\n    foo.bar(); // we can now use this method since i32 implements the\n               // Foo trait\n}\n\nfn main() {\n    some_func(5i32); // ok!\n}\n```\n\nOr in a generic context, an erroneous code example would look like:\n\n```compile_fail,E0277\nfn some_func<T>(foo: T) {\n    println!(\"{:?}\", foo); // error: the trait `core::fmt::Debug` is not\n                           //        implemented for the type `T`\n}\n\nfn main() {\n    // We now call the method with the i32 type,\n    // which *does* implement the Debug trait.\n    some_func(5i32);\n}\n```\n\nNote that the error here is in the definition of the generic function. Although\nwe only call it with a parameter that does implement `Debug`, the compiler\nstill rejects the function. It must work with all possible input types. In\norder to make this example compile, we need to restrict the generic type we're\naccepting:\n\n```\nuse std::fmt;\n\n// Restrict the input type to types that implement Debug.\nfn some_func<T: fmt::Debug>(foo: T) {\n    println!(\"{:?}\", foo);\n}\n\nfn main() {\n    // Calling the method is still fine, as i32 implements Debug.\n    some_func(5i32);\n\n    // This would fail to compile now:\n    // struct WithoutDebug;\n    // some_func(WithoutDebug);\n}\n```\n\nRust only looks at the signature of the called function, as such it must\nalready specify all requirements that will be used for every type parameter.\n"},"level":"error","spans":[{"file_name":"src/main.rs","byte_start":483,"byte_end":485,"line_start":20,"line_end":20,"column_start":19,"column_end":21,"is_primary":true,"text":[{"text":"        temp_conv += 1;","highlight_start":19,"highlight_end":21}],"label":"no implementation for `{float} += {integer}`","suggested_replacement":null,"suggestion_applicability":null,"expansion":null}],"children":[{"message":"the trait `AddAssign<{integer}>` is not implemented for `{float}`","code":null,"level":"help","spans":[],"children":[],"rendered":null},{"message":"the following other types implement trait `AddAssign<Rhs>`:\n  `f128` implements `AddAssign<&f128>`\n  `f128` implements `AddAssign`\n  `f16` implements `AddAssign<&f16>`\n  `f16` implements `AddAssign`\n  `f32` implements `AddAssign<&f32>`\n  `f32` implements `AddAssign`\n  `f64` implements `AddAssign<&f64>`\n  `f64` implements `AddAssign`\nand 24 others","code":null,"level":"help","spans":[],"children":[],"rendered":null}],"rendered":"\u001b[0m\u001b[1m\u001b[38;5;9merror[E0277]\u001b[0m\u001b[0m\u001b[1m: cannot add-assign `{integer}` to `{float}`\u001b[0m\n\u001b[0m  \u001b[0m\u001b[0m\u001b[1m\u001b[38;5;12m--> \u001b[0m\u001b[0msrc/main.rs:20:19\u001b[0m\n\u001b[0m   \u001b[0m\u001b[0m\u001b[1m\u001b[38;5;12m|\u001b[0m\n\u001b[0m\u001b[1m\u001b[38;5;12m20\u001b[0m\u001b[0m \u001b[0m\u001b[0m\u001b[1m\u001b[38;5;12m|\u001b[0m\u001b[0m \u001b[0m\u001b[0m        temp_conv += 1;\u001b[0m\n\u001b[0m   \u001b[0m\u001b[0m\u001b[1m\u001b[38;5;12m|\u001b[0m\u001b[0m                   \u001b[0m\u001b[0m\u001b[1m\u001b[38;5;9m^^\u001b[0m\u001b[0m \u001b[0m\u001b[0m\u001b[1m\u001b[38;5;9mno implementation for `{float} += {integer}`\u001b[0m\n\u001b[0m   \u001b[0m\u001b[0m\u001b[1m\u001b[38;5;12m|\u001b[0m\n\u001b[0m   \u001b[0m\u001b[0m\u001b[1m\u001b[38;5;12m= \u001b[0m\u001b[0m\u001b[1mhelp\u001b[0m\u001b[0m: the trait `AddAssign<{integer}>` is not implemented for `{float}`\u001b[0m\n\u001b[0m   \u001b[0m\u001b[0m\u001b[1m\u001b[38;5;12m= \u001b[0m\u001b[0m\u001b[1mhelp\u001b[0m\u001b[0m: the following other types implement trait `AddAssign<Rhs>`:\u001b[0m\n\u001b[0m             `f128` implements `AddAssign<&f128>`\u001b[0m\n\u001b[0m             `f128` implements `AddAssign`\u001b[0m\n\u001b[0m             `f16` implements `AddAssign<&f16>`\u001b[0m\n\u001b[0m             `f16` implements `AddAssign`\u001b[0m\n\u001b[0m             `f32` implements `AddAssign<&f32>`\u001b[0m\n\u001b[0m             `f32` implements `AddAssign`\u001b[0m\n\u001b[0m             `f64` implements `AddAssign<&f64>`\u001b[0m\n\u001b[0m             `f64` implements `AddAssign`\u001b[0m\n\u001b[0m           and 24 others\u001b[0m\n\n"}
{"$message_type":"diagnostic","message":"aborting due to 8 previous errors","code":null,"level":"error","spans":[],"children":[],"rendered":"\u001b[0m\u001b[1m\u001b[38;5;9merror\u001b[0m\u001b[0m\u001b[1m: aborting due to 8 previous errors\u001b[0m\n\n"}
{"$message_type":"diagnostic","message":"Some errors have detailed explanations: E0277, E0308, E0423, E0425.","code":null,"level":"failure-note","spans":[],"children":[],"rendered":"\u001b[0m\u001b[1mSome errors have detailed explanations: E0277, E0308, E0423, E0425.\u001b[0m\n"}
{"$message_type":"diagnostic","message":"For more information about an error, try `rustc --explain E0277`.","code":null,"level":"failure-note","spans":[],"children":[],"rendered":"\u001b[0m\u001b[1mFor more information about an error, try `rustc --explain E0277`.\u001b[0m\n"}
